Set parameter Username
Set parameter LicenseID to value 2696442
Academic license - for non-commercial use only - expires 2026-08-18
Gurobi Optimizer version 12.0.3 build v12.0.3rc0 (linux64 - "Ubuntu 22.04.5 LTS")

CPU model: 13th Gen Intel(R) Core(TM) i5-13450HX, instruction set [SSE2|AVX|AVX2]
Thread count: 6 physical cores, 6 logical processors, using up to 6 threads

Optimize a model with 3875 rows, 2550 columns and 9688 nonzeros
Model fingerprint: 0x3907c03e
Variable types: 0 continuous, 2550 integer (2550 binary)
Coefficient statistics:
  Matrix range     [1e+00, 2e+00]
  Objective range  [1e+00, 1e+02]
  Bounds range     [1e+00, 1e+00]
  RHS range        [1e+00, 1e+00]
Found heuristic solution: objective -2178.000000
Found heuristic solution: objective -68.0000000
Presolve removed 2113 rows and 1332 columns
Presolve time: 0.02s
Presolved: 1762 rows, 1218 columns, 4361 nonzeros
Variable types: 0 continuous, 1218 integer (1218 binary)

Root relaxation: objective 1.438900e+04, 875 iterations, 0.02 seconds (0.03 work units)

    Nodes    |    Current Node    |     Objective Bounds      |     Work
 Expl Unexpl |  Obj  Depth IntInf | Incumbent    BestBd   Gap | It/Node Time

     0     0 14389.0000    0  613  -68.00000 14389.0000      -     -    0s
H    0     0                    3260.0000000 14389.0000   341%     -    0s
H    0     0                    4194.0000000 14389.0000   243%     -    0s
H    0     0                    4326.0000000 14389.0000   233%     -    0s
H    0     0                    4479.0000000 9240.25000   106%     -    0s
H    0     0                    5078.0000000 9240.25000  82.0%     -    0s
     0     0 9221.25000    0  693 5078.00000 9221.25000  81.6%     -    0s
     0     0 8646.00000    0  734 5078.00000 8646.00000  70.3%     -    0s
     0     0 8645.00000    0  717 5078.00000 8645.00000  70.2%     -    0s
H    0     0                    5287.0000000 6667.60784  26.1%     -    1s
H    0     0                    5306.0000000 6667.60784  25.7%     -    1s
     0     0 6667.60784    0 1041 5306.00000 6667.60784  25.7%     -    1s
H    0     0                    5426.0000000 6398.85129  17.9%     -    1s
H    0     0                    5460.0000000 6398.85129  17.2%     -    1s
     0     0 6398.85129    0 1069 5460.00000 6398.85129  17.2%     -    1s
H    0     0                    5638.0000000 6348.39703  12.6%     -    1s
     0     0 6348.39703    0 1071 5638.00000 6348.39703  12.6%     -    1s
H    0     0                    5761.0000000 6331.99355  9.91%     -    1s
     0     0 6331.99355    0 1082 5761.00000 6331.99355  9.91%     -    1s
     0     0 6323.85736    0 1082 5761.00000 6323.85736  9.77%     -    1s
     0     0 5915.84029    0 1127 5761.00000 5915.84029  2.69%     -    2s
     0     0 5819.66059    0 1141 5761.00000 5819.66059  1.02%     -    3s
     0     0 5794.55656    0 1134 5761.00000 5794.55656  0.58%     -    3s
     0     0 5784.33795    0 1143 5761.00000 5784.33795  0.41%     -    3s
     0     0     cutoff    0      5761.00000 5761.00000  0.00%     -    3s

Cutting planes:
  Dual implied bound: 1
  MIR: 3
  Zero half: 26
  RLT: 748
  BQP: 1255

Explored 1 nodes (19705 simplex iterations) in 3.59 seconds (5.51 work units)
Thread count was 6 (of 6 available processors)

Solution count 10: 5761 5638 5460 ... 4194

Optimal solution found (tolerance 1.00e-04)
Best objective 5.761000000000e+03, best bound 5.761000000000e+03, gap 0.0000%

Result: 5761

X: [1.0, -0.0, 1.0, 1.0, -0.0, 0.0, -0.0, 1.0, -0.0, 1.0, 1.0, -0.0, -0.0, 0.0, -0.0, -0.0, 1.0, -0.0, 0.0, 1.0, 1.0, 1.0, 1.0, -0.0, 1.0, 1.0, 1.0, 1.0, 1.0, -0.0, 1.0, 1.0, 1.0, 1.0, 1.0, 1.0, 1.0, 1.0, -0.0, 1.0, 1.0, 1.0, 1.0, -0.0, 1.0, 1.0, 0.0, 1.0, 1.0, 1.0]

--- Finished in 3.70 seconds ---
