Set parameter Username
Set parameter LicenseID to value 2696442
Academic license - for non-commercial use only - expires 2026-08-18
Gurobi Optimizer version 12.0.3 build v12.0.3rc0 (linux64 - "Ubuntu 22.04.5 LTS")

CPU model: 13th Gen Intel(R) Core(TM) i5-13450HX, instruction set [SSE2|AVX|AVX2]
Thread count: 6 physical cores, 6 logical processors, using up to 6 threads

Optimize a model with 3875 rows, 2550 columns and 9849 nonzeros
Model fingerprint: 0x450e4e88
Variable types: 0 continuous, 2550 integer (2550 binary)
Coefficient statistics:
  Matrix range     [1e+00, 2e+00]
  Objective range  [1e+00, 1e+02]
  Bounds range     [1e+00, 1e+00]
  RHS range        [1e+00, 1e+00]
Found heuristic solution: objective -2178.000000
Found heuristic solution: objective -90.0000000
Presolve removed 2013 rows and 1281 columns
Presolve time: 0.02s
Presolved: 1862 rows, 1269 columns, 5224 nonzeros
Variable types: 0 continuous, 1269 integer (1269 binary)
Found heuristic solution: objective 120.0000000

Root relaxation: objective 1.489450e+04, 949 iterations, 0.02 seconds (0.03 work units)

    Nodes    |    Current Node    |     Objective Bounds      |     Work
 Expl Unexpl |  Obj  Depth IntInf | Incumbent    BestBd   Gap | It/Node Time

     0     0 14894.5000    0  643  120.00000 14894.5000      -     -    0s
H    0     0                    1663.0000000 14894.5000   796%     -    0s
H    0     0                    4355.0000000 14894.5000   242%     -    0s
     0     0 8983.96429    0  727 4355.00000 8983.96429   106%     -    0s
     0     0 8826.85714    0  789 4355.00000 8826.85714   103%     -    0s
     0     0 8797.12500    0  767 4355.00000 8797.12500   102%     -    0s
     0     0 8787.50000    0  779 4355.00000 8787.50000   102%     -    0s
     0     0 8786.37500    0  779 4355.00000 8786.37500   102%     -    0s
H    0     0                    4366.0000000 6772.12064  55.1%     -    1s
H    0     0                    4421.0000000 6772.12064  53.2%     -    1s
H    0     0                    5080.0000000 6772.12064  33.3%     -    1s
     0     0 6772.12064    0 1095 5080.00000 6772.12064  33.3%     -    1s
H    0     0                    5124.0000000 6360.48125  24.1%     -    1s
H    0     0                    5196.0000000 6360.48125  22.4%     -    1s
H    0     0                    5269.0000000 6360.48125  20.7%     -    1s
H    0     0                    5438.0000000 6360.48125  17.0%     -    1s
H    0     0                    5445.0000000 6360.48125  16.8%     -    1s
     0     0 6360.48125    0 1122 5445.00000 6360.48125  16.8%     -    1s
H    0     0                    5619.0000000 6286.50888  11.9%     -    2s
     0     0 6286.50888    0 1133 5619.00000 6286.50888  11.9%     -    2s
     0     0 6260.96343    0 1139 5619.00000 6260.96343  11.4%     -    2s
     0     0 6253.34165    0 1135 5619.00000 6253.34165  11.3%     -    2s
H    0     0                    5718.0000000 5996.30144  4.87%     -    3s
     0     0 5996.30144    0 1158 5718.00000 5996.30144  4.87%     -    3s
H    0     0                    5761.0000000 5924.84510  2.84%     -    3s
     0     0 5924.84510    0 1180 5761.00000 5924.84510  2.84%     -    3s
     0     0 5900.23274    0 1180 5761.00000 5900.23274  2.42%     -    3s
     0     0 5889.32609    0 1179 5761.00000 5889.32609  2.23%     -    4s
     0     0 5838.65663    0 1191 5761.00000 5838.65663  1.35%     -    4s
     0     0 5820.31397    0 1194 5761.00000 5820.31397  1.03%     -    4s
     0     0 5812.14504    0 1194 5761.00000 5812.14504  0.89%     -    5s
     0     0 5783.97415    0 1186 5761.00000 5783.97415  0.40%     -    5s
     0     0 5783.97415    0 1186 5761.00000 5783.97415  0.40%     -    5s
     0     2 5783.97415    0 1186 5761.00000 5783.97415  0.40%     -    5s

Cutting planes:
  Dual implied bound: 3
  MIR: 5
  Zero half: 14
  RLT: 375
  BQP: 599

Explored 5 nodes (28260 simplex iterations) in 5.96 seconds (9.67 work units)
Thread count was 6 (of 6 available processors)

Solution count 10: 5761 5718 5619 ... 4421

Optimal solution found (tolerance 1.00e-04)
Best objective 5.761000000000e+03, best bound 5.761000000000e+03, gap 0.0000%

Result: 5761

X: [1.0, -0.0, 1.0, 1.0, 0.0, -0.0, -0.0, 1.0, -0.0, 1.0, 1.0, 0.0, 0.0, 0.0, -0.0, -0.0, 1.0, 0.0, 0.0, 1.0, 1.0, 1.0, 1.0, -0.0, 1.0, 1.0, 1.0, 1.0, 1.0, 0.0, 1.0, 1.0, 1.0, 1.0, 1.0, 1.0, 1.0, 1.0, -0.0, 1.0, 1.0, 1.0, 1.0, 0.0, 1.0, 1.0, -0.0, 1.0, 1.0, 1.0]

--- Finished in 6.04 seconds ---
