Set parameter Username
Set parameter LicenseID to value 2696442
Academic license - for non-commercial use only - expires 2026-08-18
Gurobi Optimizer version 12.0.3 build v12.0.3rc0 (linux64 - "Ubuntu 22.04.5 LTS")

CPU model: 13th Gen Intel(R) Core(TM) i5-13450HX, instruction set [SSE2|AVX|AVX2]
Thread count: 6 physical cores, 6 logical processors, using up to 6 threads

Optimize a model with 15250 rows, 10100 columns and 39125 nonzeros
Model fingerprint: 0x9a3f71b0
Variable types: 0 continuous, 10100 integer (10100 binary)
Coefficient statistics:
  Matrix range     [1e+00, 2e+00]
  Objective range  [1e+00, 1e+02]
  Bounds range     [1e+00, 1e+00]
  RHS range        [1e+00, 1e+00]
Found heuristic solution: objective 2477.0000000
Presolve removed 7967 rows and 5179 columns
Presolve time: 0.09s
Presolved: 7283 rows, 4921 columns, 17578 nonzeros
Variable types: 0 continuous, 4921 integer (4921 binary)

Root relaxation: objective 6.118300e+04, 4973 iterations, 0.21 seconds (0.41 work units)

    Nodes    |    Current Node    |     Objective Bounds      |     Work
 Expl Unexpl |  Obj  Depth IntInf | Incumbent    BestBd   Gap | It/Node Time

     0     0 61183.0000    0 2523 2477.00000 61183.0000  2370%     -    0s
H    0     0                    9389.0000000 61183.0000   552%     -    0s
H    0     0                    12120.000000 61183.0000   405%     -    0s
H    0     0                    12392.000000 61183.0000   394%     -    0s
H    0     0                    12428.000000 61183.0000   392%     -    0s
H    0     0                    12523.000000 61183.0000   389%     -    0s
     0     0 52682.0000    0 2411 12523.0000 52682.0000   321%     -    1s
H    0     0                    12896.000000 42397.0000   229%     -    2s
H    0     0                    12959.000000 42397.0000   227%     -    2s
     0     0 42397.0000    0 2753 12959.0000 42397.0000   227%     -    2s
H    0     0                    13233.000000 40472.0000   206%     -    3s
     0     0 40349.6250    0 2954 13233.0000 40349.6250   205%     -    3s
     0     0 40322.7500    0 3041 13233.0000 40322.7500   205%     -    3s
     0     0 40322.7500    0 2965 13233.0000 40322.7500   205%     -    3s
     0     0 40322.7500    0 2968 13233.0000 40322.7500   205%     -    3s
H    0     0                    14022.000000 35384.6291   152%     -   10s
H    0     0                    14578.000000 35384.6291   143%     -   10s
H    0     0                    15597.000000 35384.6291   127%     -   10s
H    0     0                    15978.000000 35384.6291   121%     -   10s
H    0     0                    16524.000000 35384.6291   114%     -   10s
H    0     0                    16705.000000 35384.6291   112%     -   10s
H    0     0                    16707.000000 35384.6291   112%     -   10s
     0     0 35065.7387    0 3157 16707.0000 35065.7387   110%     -   10s
H    0     0                    16945.000000 29827.0021  76.0%     -   20s
H    0     0                    17597.000000 29827.0021  69.5%     -   20s
H    0     0                    17807.000000 29827.0021  67.5%     -   20s
H    0     0                    18197.000000 29827.0021  63.9%     -   20s
H    0     0                    18202.000000 29827.0021  63.9%     -   20s
H    0     0                    18336.000000 29827.0021  62.7%     -   20s
H    0     0                    18365.000000 29827.0021  62.4%     -   20s
     0     0 29827.0021    0 3716 18365.0000 29827.0021  62.4%     -   20s
H    0     0                    18621.000000 27326.0623  46.7%     -   33s
     0     0 27326.0623    0 4498 18621.0000 27326.0623  46.7%     -   34s
     0     0 26261.7455    0 4589 18621.0000 26261.7455  41.0%     -   48s
     0     0 25797.5654    0 4644 18621.0000 25797.5654  38.5%     -   59s
     0     0 25634.0278    0 4668 18621.0000 25634.0278  37.7%     -   65s
     0     0 25581.5342    0 4666 18621.0000 25581.5342  37.4%     -   68s
     0     0 25550.9221    0 4679 18621.0000 25550.9221  37.2%     -   70s
     0     0 25540.5638    0 4674 18621.0000 25540.5638  37.2%     -   71s
     0     0 24847.0731    0 4683 18621.0000 24847.0731  33.4%     -   87s
     0     0 24510.4731    0 4699 18621.0000 24510.4731  31.6%     -   99s
     0     0 24330.2772    0 4727 18621.0000 24330.2772  30.7%     -  107s
     0     0 24218.1921    0 4734 18621.0000 24218.1921  30.1%     -  117s
     0     0 24141.9399    0 4751 18621.0000 24141.9399  29.6%     -  125s
     0     0 24094.6636    0 4759 18621.0000 24094.6636  29.4%     -  131s
     0     0 23987.9005    0 4751 18621.0000 23987.9005  28.8%     -  143s
     0     0 23916.0916    0 4763 18621.0000 23916.0916  28.4%     -  153s
     0     0 23878.9265    0 4777 18621.0000 23878.9265  28.2%     -  161s
     0     0 23794.9882    0 4767 18621.0000 23794.9882  27.8%     -  172s
     0     0 23794.9882    0 4766 18621.0000 23794.9882  27.8%     -  172s
     0     2 23794.9882    0 4765 18621.0000 23794.9882  27.8%     -  181s
     1     3 23728.4237    1 4707 18621.0000 23794.9650  27.8%  8870  186s
     2     4 23304.1591    1 4626 18621.0000 23728.4023  27.4%  8862  199s
     3     6 23198.2156    2 4705 18621.0000 23728.4015  27.4%  8395  223s
     5    12 22826.2636    3 4497 18621.0000 23304.1452  25.1% 11169  234s
    11    18 21978.3241    4 4491 18621.0000 23026.4388  23.7% 15175  266s
    17    26 21485.8931    5 4389 18621.0000 23026.4388  23.7% 21800  284s
    25    29 20945.5667    6 4282 18621.0000 23026.4388  23.7% 18530  306s
    28    32 20526.0026    7 4183 18621.0000 23026.4388  23.7% 19286  328s
    31    36 21164.1103    7 4303 18621.0000 23026.4388  23.7% 19420  351s
    35    39 20795.2743    8 4198 18621.0000 23026.4388  23.7% 19629  376s
    38    56 20482.6289    9 4107 18621.0000 23026.4388  23.7% 19597  395s
    55    70 19739.5144   13 3744 18621.0000 23026.4388  23.7% 16958  412s
    69    89 19388.8315   15 3721 18621.0000 23026.4388  23.7% 15594  426s
    88   109 19159.5814   16 3636 18621.0000 23026.4388  23.7% 14479  440s
   110   113 18944.6224   17 3538 18621.0000 23026.4388  23.7% 13217  454s
   130   109     cutoff   19      18621.0000 23026.4388  23.7% 11936  465s
   150   111     cutoff   19      18621.0000 23026.4388  23.7% 10924  477s
   164   103     cutoff   19      18621.0000 23026.4388  23.7% 10526  489s
   180   102     cutoff   23      18621.0000 23026.4388  23.7%  9948  503s
   187    98     cutoff   23      18621.0000 23026.4388  23.7%  9726  516s
   197   100 22009.5652    4 4745 18621.0000 22948.5581  23.2%  9391  529s
   199   104 21739.9147    5 4621 18621.0000 22948.5581  23.2%  9434  543s
   203   113 21621.0525    6 4550 18621.0000 22692.4959  21.9%  9497  558s
   212   121 21301.0960    8 4453 18621.0000 22692.4959  21.9%  9504  573s
   220   130 20718.4971   10 4226 18621.0000 22692.4959  21.9%  9617  588s
   229   139 20527.5162   12 4129 18621.0000 22692.4959  21.9%  9647  599s

Cutting planes:
  Cover: 1
  Dual implied bound: 22
  MIR: 23
  Zero half: 150
  RLT: 5422
  BQP: 5239

Explored 238 nodes (2632044 simplex iterations) in 599.84 seconds (1683.64 work units)
Thread count was 6 (of 6 available processors)

Solution count 10: 18621 18365 18336 ... 16705

Solve interrupted
Best objective 1.862100000000e+04, best bound 2.269200000000e+04, gap 21.8624%
No solution

Interrupt request received

--- Execution timed out after 600 seconds ---
