Set parameter Username
Set parameter LicenseID to value 2696986
Academic license - for non-commercial use only - expires 2026-08-20
Set parameter TimeLimit to value 600
Gurobi Optimizer version 12.0.3 build v12.0.3rc0 (win64 - Windows 11.0 (26100.2))

CPU model: AMD Ryzen 5 5600G with Radeon Graphics, instruction set [SSE2|AVX|AVX2]
Thread count: 6 physical cores, 12 logical processors, using up to 12 threads

Non-default parameters:
TimeLimit  600

Optimize a model with 3875 rows, 1325 columns and 9075 nonzeros
Model fingerprint: 0x7ee9c24c
Variable types: 0 continuous, 1325 integer (1325 binary)
Coefficient statistics:
  Matrix range     [1e+00, 2e+00]
  Objective range  [1e+00, 1e+02]
  Bounds range     [1e+00, 1e+00]
  RHS range        [1e+00, 1e+00]
Found heuristic solution: objective -1776.000000
Found heuristic solution: objective -435.0000000
Presolve removed 2030 rows and 56 columns
Presolve time: 0.02s
Presolved: 1845 rows, 1269 columns, 4358 nonzeros
Variable types: 0 continuous, 1269 integer (1269 binary)

Root relaxation: objective 1.492200e+04, 904 iterations, 0.02 seconds (0.03 work units)

    Nodes    |    Current Node    |     Objective Bounds      |     Work
 Expl Unexpl |  Obj  Depth IntInf | Incumbent    BestBd   Gap | It/Node Time

     0     0 14922.0000    0  651 -435.00000 14922.0000  3530%     -    0s
H    0     0                     114.0000000 14922.0000      -     -    0s
H    0     0                    2442.0000000 14922.0000   511%     -    0s
H    0     0                    2643.0000000 9469.66667   258%     -    0s
     0     0 9469.66667    0  765 2643.00000 9469.66667   258%     -    0s
H    0     0                    3662.0000000 9469.66667   159%     -    0s
     0     0 8700.50000    0  716 3662.00000 8700.50000   138%     -    0s
     0     0 8647.87500    0  807 3662.00000 8647.87500   136%     -    0s
     0     0 8635.25000    0  762 3662.00000 8635.25000   136%     -    0s
     0     0 8631.71875    0  805 3662.00000 8631.71875   136%     -    0s
H    0     0                    3995.0000000 6688.19096  67.4%     -    1s
H    0     0                    4379.0000000 6688.19096  52.7%     -    1s
     0     0 6688.19096    0 1107 4379.00000 6688.19096  52.7%     -    1s
H    0     0                    4444.0000000 6245.48215  40.5%     -    2s
H    0     0                    4478.0000000 6245.48215  39.5%     -    2s
H    0     0                    4801.0000000 6245.48215  30.1%     -    2s
H    0     0                    4929.0000000 6245.48215  26.7%     -    2s
H    0     0                    5157.0000000 6245.48215  21.1%     -    2s
H    0     0                    5255.0000000 6245.48215  18.8%     -    2s
H    0     0                    5406.0000000 6245.48215  15.5%     -    2s
H    0     0                    5444.0000000 6245.48215  14.7%     -    2s
H    0     0                    5500.0000000 6245.48215  13.6%     -    2s
     0     0 6245.48215    0 1132 5500.00000 6245.48215  13.6%     -    2s
     0     0 6160.68101    0 1147 5500.00000 6160.68101  12.0%     -    2s
     0     0 6133.86916    0 1154 5500.00000 6133.86916  11.5%     -    3s
     0     0 6126.07244    0 1160 5500.00000 6126.07244  11.4%     -    3s
H    0     0                    5512.0000000 5868.63249  6.47%     -    4s
H    0     0                    5603.0000000 5868.63249  4.74%     -    4s
     0     0 5868.63249    0 1184 5603.00000 5868.63249  4.74%     -    4s
     0     0 5800.95500    0 1202 5603.00000 5800.95500  3.53%     -    5s
     0     0 5783.18757    0 1199 5603.00000 5783.18757  3.22%     -    5s
     0     0 5775.91724    0 1193 5603.00000 5775.91724  3.09%     -    5s
     0     0 5724.99668    0 1195 5603.00000 5724.99668  2.18%     -    6s
     0     0 5724.99668    0 1193 5603.00000 5724.99668  2.18%     -    6s
H    0     0                    5618.0000000 5724.99668  1.90%     -    6s
     0     2 5724.99668    0 1193 5618.00000 5724.99668  1.90%     -    6s

Cutting planes:
  Dual implied bound: 2
  MIR: 8
  Zero half: 7
  RLT: 412
  BQP: 591

Explored 11 nodes (34271 simplex iterations) in 7.35 seconds (10.68 work units)
Thread count was 12 (of 12 available processors)

Solution count 10: 5618 5603 5512 ... 4801

Optimal solution found (tolerance 1.00e-04)
Best objective 5.618000000000e+03, best bound 5.618000000000e+03, gap 0.0000%

Result: 5618

X: [1.0, 0.0, 1.0, 1.0, 1.0, 1.0, 1.0, 1.0, 1.0, 0.0, 0.0, 1.0, 0.0, 0.0, 0.0, 1.0, 0.0, 1.0, 1.0, 0.0, 1.0, 1.0, 1.0, 1.0, 0.0, 1.0, 1.0, 0.0, 0.0, 1.0, 1.0, 1.0, 0.0, 0.0, 1.0, 0.0, 1.0, 1.0, 0.0, 0.0, -0.0, 0.0, 1.0, 1.0, 0.0, 0.0, 0.0, 1.0, 1.0, 0.0]

--- Finished in 7.48 seconds ---
