Set parameter Username
Set parameter LicenseID to value 2696442
Academic license - for non-commercial use only - expires 2026-08-18
Gurobi Optimizer version 12.0.3 build v12.0.3rc0 (linux64 - "Ubuntu 22.04.5 LTS")

CPU model: 13th Gen Intel(R) Core(TM) i5-13450HX, instruction set [SSE2|AVX|AVX2]
Thread count: 6 physical cores, 6 logical processors, using up to 6 threads

Optimize a model with 1000 rows, 650 columns and 2464 nonzeros
Model fingerprint: 0x79640c95
Variable types: 0 continuous, 650 integer (650 binary)
Coefficient statistics:
  Matrix range     [1e+00, 2e+00]
  Objective range  [1e+00, 1e+02]
  Bounds range     [1e+00, 1e+00]
  RHS range        [1e+00, 1e+00]
Found heuristic solution: objective -895.0000000
Found heuristic solution: objective -160.0000000
Presolve removed 577 rows and 354 columns
Presolve time: 0.01s
Presolved: 423 rows, 296 columns, 1053 nonzeros
Variable types: 0 continuous, 296 integer (296 binary)

Root relaxation: objective 2.997500e+03, 187 iterations, 0.00 seconds (0.00 work units)

    Nodes    |    Current Node    |     Objective Bounds      |     Work
 Expl Unexpl |  Obj  Depth IntInf | Incumbent    BestBd   Gap | It/Node Time

     0     0 2997.50000    0  160 -160.00000 2997.50000  1973%     -    0s
H    0     0                     -24.0000000 2997.50000      -     -    0s
H    0     0                     688.0000000 2997.50000   336%     -    0s
H    0     0                     696.0000000 2997.50000   331%     -    0s
H    0     0                     735.0000000 2997.50000   308%     -    0s
H    0     0                     961.0000000 2997.50000   212%     -    0s
H    0     0                    1067.0000000 2997.50000   181%     -    0s
H    0     0                    1088.0000000 1704.85000  56.7%     -    0s
H    0     0                    1351.0000000 1704.85000  26.2%     -    0s
H    0     0                    1654.0000000 1704.85000  3.07%     -    0s
     0     0 1654.00000    0  232 1654.00000 1654.00000  0.00%     -    0s

Cutting planes:
  Gomory: 2
  Zero half: 83
  RLT: 157
  BQP: 223

Explored 1 nodes (670 simplex iterations) in 0.08 seconds (0.07 work units)
Thread count was 6 (of 6 available processors)

Solution count 10: 1654 1351 1088 ... -160

Optimal solution found (tolerance 1.00e-04)
Best objective 1.654000000000e+03, best bound 1.654000000000e+03, gap 0.0000%

Result: 1654

X: [1.0, 1.0, 1.0, -0.0, 0.0, 1.0, 0.0, 0.0, 1.0, 1.0, 1.0, 1.0, 1.0, 0.0, 0.0, 1.0, 1.0, 1.0, 1.0, 0.0, 0.0, 0.0, 0.0, 1.0, 1.0]

--- Finished in 0.22 seconds ---
