Set parameter Username
Set parameter LicenseID to value 2696442
Academic license - for non-commercial use only - expires 2026-08-18
Gurobi Optimizer version 12.0.3 build v12.0.3rc0 (linux64 - "Ubuntu 22.04.5 LTS")

CPU model: 13th Gen Intel(R) Core(TM) i5-13450HX, instruction set [SSE2|AVX|AVX2]
Thread count: 6 physical cores, 6 logical processors, using up to 6 threads

Optimize a model with 15250 rows, 10100 columns and 35650 nonzeros
Model fingerprint: 0x9b4de18a
Variable types: 0 continuous, 10100 integer (10100 binary)
Coefficient statistics:
  Matrix range     [1e+00, 2e+00]
  Objective range  [1e+00, 1e+02]
  Bounds range     [1e+00, 1e+00]
  RHS range        [1e+00, 1e+00]
Found heuristic solution: objective 2477.0000000
Presolve removed 7819 rows and 5077 columns
Presolve time: 0.07s
Presolved: 7431 rows, 5023 columns, 17352 nonzeros
Variable types: 0 continuous, 5023 integer (5023 binary)

Root relaxation: objective 6.210100e+04, 4848 iterations, 0.15 seconds (0.26 work units)

    Nodes    |    Current Node    |     Objective Bounds      |     Work
 Expl Unexpl |  Obj  Depth IntInf | Incumbent    BestBd   Gap | It/Node Time

     0     0 62101.0000    0 2583 2477.00000 62101.0000  2407%     -    0s
H    0     0                    5088.0000000 62101.0000  1121%     -    0s
H    0     0                    11813.000000 62101.0000   426%     -    0s
H    0     0                    11969.000000 62101.0000   419%     -    0s
H    0     0                    12191.000000 62101.0000   409%     -    0s
H    0     0                    12585.000000 62101.0000   393%     -    0s
H    0     0                    12617.000000 54754.7500   334%     -    1s
     0     0 54754.7500    0 2497 12617.0000 54754.7500   334%     -    1s
H    0     0                    13041.000000 44127.2500   238%     -    2s
     0     0 44127.2500    0 2698 13041.0000 44127.2500   238%     -    2s
     0     0 41197.1190    0 3036 13041.0000 41197.1190   216%     -    3s
H    0     0                    13384.000000 41055.6458   207%     -    3s
     0     0 41055.6458    0 3024 13384.0000 41055.6458   207%     -    3s
     0     0 41039.8200    0 3066 13384.0000 41039.8200   207%     -    3s
     0     0 41038.2083    0 3050 13384.0000 41038.2083   207%     -    3s
H    0     0                    13456.000000 35909.5719   167%     -   10s
H    0     0                    13610.000000 35909.5719   164%     -   10s
H    0     0                    13824.000000 35909.5719   160%     -   10s
H    0     0                    16496.000000 35909.5719   118%     -   10s
H    0     0                    16650.000000 35909.5719   116%     -   10s
H    0     0                    17300.000000 35909.5719   108%     -   10s
H    0     0                    17677.000000 35909.5719   103%     -   10s
H    0     0                    17691.000000 35909.5719   103%     -   10s
H    0     0                    17927.000000 35909.5719   100%     -   10s
H    0     0                    18107.000000 35909.5719  98.3%     -   10s
     0     0 35496.8633    0 3262 18107.0000 35496.8633  96.0%     -   10s
H    0     0                    18217.000000 30250.1373  66.1%     -   21s
H    0     0                    18260.000000 30250.1373  65.7%     -   21s
H    0     0                    18285.000000 30250.1373  65.4%     -   21s
H    0     0                    18388.000000 30250.1373  64.5%     -   21s
     0     0 30250.1373    0 3907 18388.0000 30250.1373  64.5%     -   21s
     0     0 27971.1238    0 4525 18388.0000 27971.1238  52.1%     -   36s
H    0     0                    18436.000000 26974.8057  46.3%     -   48s
     0     0 26974.8057    0 4630 18436.0000 26974.8057  46.3%     -   49s
     0     0 26333.6709    0 4679 18436.0000 26333.6709  42.8%     -   61s
H    0     0                    18502.000000 26129.7931  41.2%     -   67s
     0     0 26129.7931    0 4699 18502.0000 26129.7931  41.2%     -   68s
     0     0 26074.6898    0 4708 18502.0000 26074.6898  40.9%     -   71s
     0     0 26047.8312    0 4724 18502.0000 26047.8312  40.8%     -   73s
     0     0 25117.0835    0 4778 18502.0000 25117.0835  35.8%     -   92s
     0     0 24701.9304    0 4793 18502.0000 24701.9304  33.5%     -  106s
     0     0 24493.5798    0 4809 18502.0000 24493.5798  32.4%     -  116s
     0     0 24360.1857    0 4832 18502.0000 24360.1857  31.7%     -  127s
     0     0 24265.2296    0 4861 18502.0000 24265.2296  31.1%     -  137s
     0     0 24197.7173    0 4860 18502.0000 24197.7173  30.8%     -  147s
     0     0 24155.8877    0 4865 18502.0000 24155.8877  30.6%     -  154s
     0     0 24057.5290    0 4850 18502.0000 24057.5290  30.0%     -  167s
     0     0 23973.9227    0 4857 18502.0000 23973.9227  29.6%     -  179s
     0     0 23925.2735    0 4873 18502.0000 23925.2735  29.3%     -  188s
     0     0 23815.8248    0 4867 18502.0000 23815.8248  28.7%     -  202s
     0     0 23815.8248    0 4866 18502.0000 23815.8248  28.7%     -  203s
     0     2 23815.8248    0 4866 18502.0000 23815.8248  28.7%     -  213s
     1     3 23766.7573    1 4815 18502.0000 23815.8207  28.7%  8288  218s
     2     5 23304.9867    1 4713 18502.0000 23766.7570  28.5%  6906  237s
     4     9 22922.1660    2 4904 18502.0000 23437.2104  26.7% 10303  278s
     8    15 22673.8779    3 4806 18502.0000 23304.8989  26.0% 20198  342s
    14    27 22392.6495    4 4713 18502.0000 23304.8989  26.0% 30317  367s
    26    48 22246.1957    5 4718 18502.0000 23304.8989  26.0% 23387  384s
    47    52 21257.6423    8 4321 18502.0000 23304.8989  26.0% 16066  400s
    51    69 21515.1161    6 4580 18502.0000 23304.8989  26.0% 16061  413s
    68    75 20637.1146   10 4206 18502.0000 23304.8989  26.0% 13591  427s
    74    86 21002.6848    8 4463 18502.0000 23304.8989  26.0% 13383  437s
    91    97 20637.5317    9 4358 18502.0000 23304.8989  26.0% 12053  450s
   102   100 20509.5760   10 4343 18502.0000 23304.8989  26.0% 11617  460s
   119   106 19716.3147   11 4133 18502.0000 23304.8989  26.0% 10593  471s
   127   109 19189.1217   12 4045 18502.0000 23304.8989  26.0% 10378  483s
   134   111 18943.1599   13 3947 18502.0000 23304.8989  26.0% 10312  494s
   144   108     cutoff   16      18502.0000 23304.8989  26.0% 10280  508s
   151   105     cutoff   14      18502.0000 23304.8989  26.0% 10078  522s
   158   108 18691.1673   14 3952 18502.0000 23304.8989  26.0% 10039  535s
   165   104     cutoff   15      18502.0000 23304.8989  26.0% 10066  550s
   173   101     cutoff   19      18502.0000 23304.8989  26.0%  9925  564s
   180   101 22328.5165    2 4732 18502.0000 22856.7533  23.5%  9767  581s
   182   102 22255.4274    3 4567 18502.0000 22856.7533  23.5%  9743  597s

Cutting planes:
  Gomory: 1
  Dual implied bound: 22
  MIR: 21
  Zero half: 118
  RLT: 5239
  BQP: 5927

Explored 183 nodes (2144160 simplex iterations) in 599.86 seconds (1677.62 work units)
Thread count was 6 (of 6 available processors)

Solution count 10: 18502 18436 18388 ... 17677

Solve interrupted
Best objective 1.850200000000e+04, best bound 2.285600000000e+04, gap 23.5326%
No solution

Interrupt request received

--- Execution timed out after 600 seconds ---
