Set parameter Username
Set parameter LicenseID to value 2696986
Academic license - for non-commercial use only - expires 2026-08-20
Set parameter TimeLimit to value 600
Gurobi Optimizer version 12.0.3 build v12.0.3rc0 (win64 - Windows 11.0 (26100.2))

CPU model: AMD Ryzen 5 5600G with Radeon Graphics, instruction set [SSE2|AVX|AVX2]
Thread count: 6 physical cores, 12 logical processors, using up to 12 threads

Non-default parameters:
TimeLimit  600

Optimize a model with 15250 rows, 5150 columns and 36640 nonzeros
Model fingerprint: 0xbf3c7399
Variable types: 0 continuous, 5150 integer (5150 binary)
Coefficient statistics:
  Matrix range     [1e+00, 2e+00]
  Objective range  [1e+00, 1e+02]
  Bounds range     [1e+00, 1e+00]
  RHS range        [1e+00, 1e+00]
Found heuristic solution: objective 5074.0000000
Presolve removed 7726 rows and 118 columns
Presolve time: 0.09s
Presolved: 7524 rows, 5032 columns, 18678 nonzeros
Variable types: 0 continuous, 5032 integer (5032 binary)

Root relaxation: objective 6.311200e+04, 5131 iterations, 0.25 seconds (0.35 work units)

    Nodes    |    Current Node    |     Objective Bounds      |     Work
 Expl Unexpl |  Obj  Depth IntInf | Incumbent    BestBd   Gap | It/Node Time

     0     0 63112.0000    0 2592 5074.00000 63112.0000  1144%     -    0s
H    0     0                    10167.000000 63112.0000   521%     -    0s
     0     0 54991.5000    0 2510 10167.0000 54991.5000   441%     -    1s
     0     0 45513.0000    0 2711 10167.0000 45513.0000   348%     -    3s
     0     0 42175.5000    0 3026 10167.0000 42175.5000   315%     -    4s
     0     0 42035.2500    0 3070 10167.0000 42035.2500   313%     -    4s
     0     0 42011.5000    0 3081 10167.0000 42011.5000   313%     -    4s
     0     0 42005.5000    0 3065 10167.0000 42005.5000   313%     -    4s
     0     0 42003.7500    0 3063 10167.0000 42003.7500   313%     -    4s
H    0     0                    10319.000000 37147.8212   260%     -   13s
H    0     0                    10736.000000 37147.8212   246%     -   13s
H    0     0                    10942.000000 37147.8212   239%     -   13s
H    0     0                    11446.000000 37147.8212   225%     -   13s
H    0     0                    11716.000000 37147.8212   217%     -   13s
H    0     0                    12381.000000 37147.8212   200%     -   13s
H    0     0                    12664.000000 37147.8212   193%     -   13s
H    0     0                    12886.000000 37147.8212   188%     -   13s
H    0     0                    12983.000000 37147.8212   186%     -   13s
H    0     0                    13005.000000 37147.8212   186%     -   13s
     0     0 36411.3416    0 3235 13005.0000 36411.3416   180%     -   13s
H    0     0                    13591.000000 30578.4049   125%     -   29s
H    0     0                    14139.000000 30578.4049   116%     -   29s
H    0     0                    14365.000000 30578.4049   113%     -   29s
H    0     0                    14435.000000 30578.4049   112%     -   29s
H    0     0                    15024.000000 30578.4049   104%     -   29s
H    0     0                    15062.000000 30578.4049   103%     -   29s
H    0     0                    15170.000000 30578.4049   102%     -   29s
H    0     0                    15211.000000 30578.4049   101%     -   29s
H    0     0                    15250.000000 30578.4049   101%     -   29s
H    0     0                    15288.000000 30578.4049   100%     -   29s
H    0     0                    15486.000000 30578.4049  97.5%     -   29s
H    0     0                    16009.000000 30578.4049  91.0%     -   29s
     0     0 30578.4049    0 3727 16009.0000 30578.4049  91.0%     -   29s
H    0     0                    16050.000000 27645.4653  72.2%     -   53s
     0     0 27645.4653    0 4577 16050.0000 27645.4653  72.2%     -   53s
H    0     0                    16131.000000 26521.5165  64.4%     -   78s
H    0     0                    16242.000000 26521.5165  63.3%     -   78s
H    0     0                    16287.000000 26521.5165  62.8%     -   78s
     0     0 26521.5165    0 4772 16287.0000 26521.5165  62.8%     -   78s
     0     0 25932.9953    0 4832 16287.0000 25932.9953  59.2%     -   99s
H    0     0                    16467.000000 25647.2434  55.7%     -  115s
     0     0 25647.2434    0 4848 16467.0000 25647.2434  55.7%     -  115s
     0     0 25561.1379    0 4856 16467.0000 25561.1379  55.2%     -  123s
     0     0 25531.2625    0 4859 16467.0000 25531.2625  55.0%     -  127s
     0     0 25519.2531    0 4860 16467.0000 25519.2531  55.0%     -  130s
     0     0 24626.2657    0 4887 16467.0000 24626.2657  49.5%     -  165s
     0     0 24286.9746    0 4896 16467.0000 24286.9746  47.5%     -  188s
     0     0 24119.5732    0 4908 16467.0000 24119.5732  46.5%     -  208s
     0     0 24016.5507    0 4923 16467.0000 24016.5507  45.8%     -  227s
     0     0 23959.1724    0 4941 16467.0000 23959.1724  45.5%     -  240s
     0     0 23796.0790    0 4930 16467.0000 23796.0790  44.5%     -  266s
     0     0 23692.2640    0 4953 16467.0000 23692.2640  43.9%     -  287s
     0     0 23641.2416    0 4949 16467.0000 23641.2416  43.6%     -  302s
     0     0 23532.1244    0 4941 16467.0000 23532.1244  42.9%     -  322s
     0     0 23532.1244    0 4939 16467.0000 23532.1244  42.9%     -  323s
     0     2 23532.1244    0 4939 16467.0000 23532.1244  42.9%     -  335s
     1     4 23451.4388    1 4886 16467.0000 23531.9406  42.9%  3552  347s
     3     5 22796.0224    2 4837 16467.0000 23451.4337  42.4% 10221  394s
     4     8 22731.9146    2 4871 16467.0000 23451.3561  42.4% 15794  439s
     7    14 22231.2733    3 4856 16467.0000 23256.9535  41.2% 22935  491s

--- Execution timed out after 600 seconds ---
    13    17 21920.0971    2 4578 16467.0000 22795.8436  38.4% 22364  600s

Cutting planes:
  Gomory: 1
  Dual implied bound: 28
  MIR: 23
  Zero half: 152
  RLT: 6111
  BQP: 5999

Explored 16 nodes (662622 simplex iterations) in 600.05 seconds (924.37 work units)
Thread count was 12 (of 12 available processors)

Solution count 10: 16467 16287 16242 ... 15211

Time limit reached
Best objective 1.646700000000e+04, best bound 2.279500000000e+04, gap 38.4284%
No solution
