Set parameter Username
Set parameter LicenseID to value 2696986
Academic license - for non-commercial use only - expires 2026-08-20
Set parameter TimeLimit to value 600
Gurobi Optimizer version 12.0.3 build v12.0.3rc0 (win64 - Windows 11.0 (26100.2))

CPU model: AMD Ryzen 5 5600G with Radeon Graphics, instruction set [SSE2|AVX|AVX2]
Thread count: 6 physical cores, 12 logical processors, using up to 12 threads

Non-default parameters:
TimeLimit  600

Optimize a model with 15250 rows, 5150 columns and 37876 nonzeros
Model fingerprint: 0x93ea736c
Variable types: 0 continuous, 5150 integer (5150 binary)
Coefficient statistics:
  Matrix range     [1e+00, 2e+00]
  Objective range  [1e+00, 1e+02]
  Bounds range     [1e+00, 1e+00]
  RHS range        [1e+00, 1e+00]
Found heuristic solution: objective 5074.0000000
Presolve removed 8078 rows and 317 columns
Presolve time: 0.10s
Presolved: 7172 rows, 4833 columns, 17430 nonzeros
Variable types: 0 continuous, 4833 integer (4833 binary)

Root relaxation: objective 6.109050e+04, 4404 iterations, 0.14 seconds (0.19 work units)

    Nodes    |    Current Node    |     Objective Bounds      |     Work
 Expl Unexpl |  Obj  Depth IntInf | Incumbent    BestBd   Gap | It/Node Time

     0     0 61090.5000    0 2491 5074.00000 61090.5000  1104%     -    0s
H    0     0                    10932.000000 61090.5000   459%     -    0s
     0     0 53290.2500    0 2450 10932.0000 53290.2500   387%     -    1s
H    0     0                    11068.000000 43456.0000   293%     -    3s
     0     0 43456.0000    0 2649 11068.0000 43456.0000   293%     -    3s
     0     0 40418.2500    0 2908 11068.0000 40418.2500   265%     -    3s
     0     0 40197.5000    0 2930 11068.0000 40197.5000   263%     -    4s
     0     0 40168.6667    0 2935 11068.0000 40168.6667   263%     -    4s
     0     0 40162.7857    0 2959 11068.0000 40162.7857   263%     -    4s
     0     0 40162.1667    0 2962 11068.0000 40162.1667   263%     -    4s
H    0     0                    11132.000000 34730.5433   212%     -   14s
H    0     0                    11144.000000 34730.5433   212%     -   14s
H    0     0                    11312.000000 34730.5433   207%     -   14s
H    0     0                    11414.000000 34730.5433   204%     -   14s
H    0     0                    11550.000000 34730.5433   201%     -   14s
H    0     0                    11590.000000 34730.5433   200%     -   14s
H    0     0                    11610.000000 34730.5433   199%     -   14s
H    0     0                    11866.000000 34730.5433   193%     -   14s
H    0     0                    13249.000000 34730.5433   162%     -   14s
H    0     0                    13853.000000 34730.5433   151%     -   14s
H    0     0                    13872.000000 34730.5433   150%     -   14s
H    0     0                    14235.000000 34730.5433   144%     -   14s
     0     0 34730.5433    0 3050 14235.0000 34730.5433   144%     -   14s
H    0     0                    14246.000000 29184.6295   105%     -   31s
H    0     0                    14530.000000 29184.6295   101%     -   31s
H    0     0                    14818.000000 29184.6295  97.0%     -   31s
H    0     0                    15142.000000 29184.6295  92.7%     -   31s
H    0     0                    15239.000000 29184.6295  91.5%     -   31s
H    0     0                    15329.000000 29184.6295  90.4%     -   31s
H    0     0                    15774.000000 29184.6295  85.0%     -   31s
     0     0 29184.6295    0 3759 15774.0000 29184.6295  85.0%     -   31s
H    0     0                    15907.000000 26654.6303  67.6%     -   51s
H    0     0                    16009.000000 26654.6303  66.5%     -   51s
     0     0 26654.6303    0 4530 16009.0000 26654.6303  66.5%     -   51s
H    0     0                    16187.000000 25789.2462  59.3%     -   71s
H    0     0                    16268.000000 25789.2462  58.5%     -   71s
H    0     0                    16461.000000 25789.2462  56.7%     -   71s
     0     0 25789.2462    0 4601 16461.0000 25789.2462  56.7%     -   71s
     0     0 25254.8034    0 4641 16461.0000 25254.8034  53.4%     -   89s
     0     0 25073.8492    0 4663 16461.0000 25073.8492  52.3%     -  100s
     0     0 25015.8557    0 4660 16461.0000 25015.8557  52.0%     -  105s
     0     0 24988.9075    0 4674 16461.0000 24988.9075  51.8%     -  109s
     0     0 24119.9630    0 4697 16461.0000 24119.9630  46.5%     -  139s
     0     0 23762.8389    0 4721 16461.0000 23762.8389  44.4%     -  160s
     0     0 23592.5389    0 4716 16461.0000 23592.5389  43.3%     -  176s
     0     0 23503.5147    0 4717 16461.0000 23503.5147  42.8%     -  189s
     0     0 23446.4382    0 4734 16461.0000 23446.4382  42.4%     -  201s
     0     0 23287.1107    0 4724 16461.0000 23287.1107  41.5%     -  224s
     0     0 23178.1265    0 4752 16461.0000 23178.1265  40.8%     -  244s
     0     0 23116.0393    0 4757 16461.0000 23116.0393  40.4%     -  259s
     0     0 22968.8439    0 4740 16461.0000 22968.8439  39.5%     -  284s
     0     0 22968.8439    0 4740 16461.0000 22968.8439  39.5%     -  284s
     0     2 22968.8439    0 4739 16461.0000 22968.8439  39.5%     -  295s
     1     3 22938.3149    1 4727 16461.0000 22968.8150  39.5%  6207  302s
     2     6 22218.4898    1 4584 16461.0000 22938.3077  39.3%  5313  332s
     5     9 21847.0496    2 4480 16461.0000 22747.7743  38.2% 10037  365s
     8    14 21681.9086    3 4401 16461.0000 22747.7675  38.2% 13778  422s
    13    17 21749.3491    5 4597 16461.0000 22747.7675  38.2% 17743  540s
    16    26 21351.9123    6 4592 16461.0000 22747.7675  38.2% 17041  576s

--- Execution timed out after 600 seconds ---

Cutting planes:
  Cover: 1
  Dual implied bound: 21
  MIR: 14
  Zero half: 134
  RLT: 5259
  BQP: 5384

Explored 25 nodes (656706 simplex iterations) in 600.01 seconds (815.19 work units)
Thread count was 12 (of 12 available processors)

Solution count 10: 16461 16268 16187 ... 14818

Time limit reached
Best objective 1.646100000000e+04, best bound 2.274700000000e+04, gap 38.1872%
No solution
