Set parameter Username
Set parameter LicenseID to value 2696986
Academic license - for non-commercial use only - expires 2026-08-20
Set parameter TimeLimit to value 600
Gurobi Optimizer version 12.0.3 build v12.0.3rc0 (win64 - Windows 11.0 (26100.2))

CPU model: AMD Ryzen 5 5600G with Radeon Graphics, instruction set [SSE2|AVX|AVX2]
Thread count: 6 physical cores, 12 logical processors, using up to 12 threads

Non-default parameters:
TimeLimit  600

Optimize a model with 60500 rows, 20300 columns and 145483 nonzeros
Model fingerprint: 0x7be2bff5
Variable types: 0 continuous, 20300 integer (20300 binary)
Coefficient statistics:
  Matrix range     [1e+00, 2e+00]
  Objective range  [1e+00, 1e+02]
  Bounds range     [1e+00, 1e+00]
  RHS range        [1e+00, 1e+00]
Found heuristic solution: objective 2615.0000000
Presolve removed 30554 rows and 284 columns
Presolve time: 0.92s
Presolved: 29946 rows, 20016 columns, 74361 nonzeros
Variable types: 0 continuous, 20016 integer (20016 binary)

Root relaxation: objective 2.518105e+05, 20150 iterations, 3.71 seconds (4.16 work units)

    Nodes    |    Current Node    |     Objective Bounds      |     Work
 Expl Unexpl |  Obj  Depth IntInf | Incumbent    BestBd   Gap | It/Node Time

     0     0 251810.500    0 10130 2615.00000 251810.500  9529%     -    5s
H    0     0                    8108.0000000 251810.500  3006%     -    5s
H    0     0                    28170.000000 251810.500   794%     -    5s
     0     0 237930.500    0 10024 28170.0000 237930.500   745%     -   13s
     0     0 222315.000    0 10203 28170.0000 222315.000   689%     -   17s
     0     0 217236.000    0 10178 28170.0000 217236.000   671%     -   19s
     0     0 209727.250    0 10780 28170.0000 209727.250   645%     -   24s
     0     0 203687.311    0 11387 28170.0000 203687.311   623%     -   39s
     0     0 203489.876    0 11419 28170.0000 203489.876   622%     -   42s
     0     0 203461.756    0 11466 28170.0000 203461.756   622%     -   43s
     0     0 203450.556    0 11465 28170.0000 203450.556   622%     -   43s
     0     0 203446.899    0 11476 28170.0000 203446.899   622%     -   44s
     0     0 203445.083    0 11448 28170.0000 203445.083   622%     -   44s
H    0     0                    28316.000000 192068.087   578%     -   90s
     0     0 192068.087    0 10921 28316.0000 192068.087   578%     -   90s
H    0     0                    28617.000000 192068.087   571%     -   90s
H    0     0                    28683.000000 181441.349   533%     -  135s
H    0     0                    29020.000000 181441.349   525%     -  135s
H    0     0                    30614.000000 181441.349   493%     -  135s
H    0     0                    34174.000000 181441.349   431%     -  135s
H    0     0                    34582.000000 181441.349   425%     -  135s
H    0     0                    34760.000000 181441.349   422%     -  135s
H    0     0                    35333.000000 181441.349   414%     -  135s
H    0     0                    35758.000000 181441.349   407%     -  135s
H    0     0                    37541.000000 181441.349   383%     -  135s
H    0     0                    39010.000000 181441.349   365%     -  135s
H    0     0                    41129.000000 181441.349   341%     -  135s
     0     0 181441.349    0 10790 41129.0000 181441.349   341%     -  135s
H    0     0                    41757.000000 166644.462   299%     -  217s
H    0     0                    42065.000000 166644.462   296%     -  217s
H    0     0                    42146.000000 166644.462   295%     -  217s
H    0     0                    42311.000000 166644.462   294%     -  217s
H    0     0                    42416.000000 166644.462   293%     -  217s
H    0     0                    44596.000000 166644.462   274%     -  217s
H    0     0                    45355.000000 166644.462   267%     -  217s
H    0     0                    46151.000000 166644.462   261%     -  217s
H    0     0                    46806.000000 166644.462   256%     -  217s
     0     0 166644.462    0 10584 46806.0000 166644.462   256%     -  217s
     0     0 157164.412    0 11214 46806.0000 157164.412   236%     -  315s
     0     0 148696.224    0 12484 46806.0000 148696.224   218%     -  445s
H    0     0                    47004.000000 146542.482   212%     -  545s
H    0     0                    47365.000000 146542.482   209%     -  545s
H    0     0                    47447.000000 146542.482   209%     -  545s
H    0     0                    47464.000000 146542.482   209%     -  545s
H    0     0                    48024.000000 146542.482   205%     -  545s
     0     0 146542.482    0 12988 48024.0000 146542.482   205%     -  545s

--- Execution timed out after 600 seconds ---
     0     0          -    0      48024.0000 146542.482   205%     -  600s

Cutting planes:
  Gomory: 3
  Dual implied bound: 9
  Zero half: 542
  RLT: 9051
  BQP: 4856

Explored 1 nodes (252745 simplex iterations) in 600.08 seconds (401.69 work units)
Thread count was 12 (of 12 available processors)

Solution count 10: 48024 47464 47447 ... 42416

Time limit reached
Best objective 4.802400000000e+04, best bound 1.465420000000e+05, gap 205.1433%
No solution
