Set parameter Username
Set parameter LicenseID to value 2696442
Academic license - for non-commercial use only - expires 2026-08-18
Gurobi Optimizer version 12.0.3 build v12.0.3rc0 (linux64 - "Ubuntu 22.04.5 LTS")

CPU model: 13th Gen Intel(R) Core(TM) i5-13450HX, instruction set [SSE2|AVX|AVX2]
Thread count: 6 physical cores, 6 logical processors, using up to 6 threads

Optimize a model with 60500 rows, 40200 columns and 141300 nonzeros
Model fingerprint: 0xafac4eb5
Variable types: 0 continuous, 40200 integer (40200 binary)
Coefficient statistics:
  Matrix range     [1e+00, 2e+00]
  Objective range  [1e+00, 1e+02]
  Bounds range     [1e+00, 1e+00]
  RHS range        [1e+00, 1e+00]
Found heuristic solution: objective 11656.000000
Presolve removed 30690 rows and 20198 columns
Presolve time: 0.45s
Presolved: 29810 rows, 20002 columns, 69564 nonzeros
Variable types: 0 continuous, 20002 integer (20002 binary)

Root relaxation: objective 2.512740e+05, 20355 iterations, 2.46 seconds (4.59 work units)

    Nodes    |    Current Node    |     Objective Bounds      |     Work
 Expl Unexpl |  Obj  Depth IntInf | Incumbent    BestBd   Gap | It/Node Time

     0     0 251274.000    0 10158 11656.0000 251274.000  2056%     -    3s
H    0     0                    33258.000000 251274.000   656%     -    3s
     0     0 237287.500    0 10043 33258.0000 237287.500   613%     -    7s
     0     0 222917.125    0 10181 33258.0000 222917.125   570%     -    9s
     0     0 217782.401    0 10194 33258.0000 217782.401   555%     -   11s
     0     0 207601.120    0 11093 33258.0000 207601.120   524%     -   19s
     0     0 203632.404    0 11507 33258.0000 203632.404   512%     -   26s
     0     0 203541.525    0 11498 33258.0000 203541.525   512%     -   27s
     0     0 203535.167    0 11445 33258.0000 203535.167   512%     -   27s
H    0     0                    33734.000000 193282.405   473%     -   49s
H    0     0                    34362.000000 193282.405   462%     -   49s
     0     0 193282.405    0 11091 34362.0000 193282.405   462%     -   49s
H    0     0                    35500.000000 180423.361   408%     -   72s
H    0     0                    35780.000000 180423.361   404%     -   72s
H    0     0                    36385.000000 180423.361   396%     -   72s
H    0     0                    37026.000000 180423.361   387%     -   72s
H    0     0                    37308.000000 180423.361   384%     -   72s
H    0     0                    37928.000000 180423.361   376%     -   72s
H    0     0                    38640.000000 180423.361   367%     -   72s
H    0     0                    39244.000000 180423.361   360%     -   72s
H    0     0                    39359.000000 180423.361   358%     -   72s
H    0     0                    40744.000000 180423.361   343%     -   72s
H    0     0                    41282.000000 180423.361   337%     -   72s
H    0     0                    41623.000000 180423.361   333%     -   72s
H    0     0                    41745.000000 180423.361   332%     -   72s
H    0     0                    41937.000000 180423.361   330%     -   72s
H    0     0                    42325.000000 180423.361   326%     -   72s
H    0     0                    43340.000000 180423.361   316%     -   72s
H    0     0                    44029.000000 180423.361   310%     -   72s
     0     0 180423.361    0 10872 44029.0000 180423.361   310%     -   72s
H    0     0                    46264.000000 168345.757   264%     -  103s
H    0     0                    48089.000000 168345.757   250%     -  103s
H    0     0                    48442.000000 168345.757   248%     -  103s
H    0     0                    49186.000000 168345.757   242%     -  103s
H    0     0                    49249.000000 168345.757   242%     -  103s
     0     0 168345.757    0 10620 49249.0000 168345.757   242%     -  103s
H    0     0                    49796.000000 158648.517   219%     -  141s
     0     0 158648.517    0 11712 49796.0000 158648.517   219%     -  141s
     0     0 152340.372    0 12582 49796.0000 152340.372   206%     -  185s
     0     0 149383.868    0 12995 49796.0000 149383.868   200%     -  231s
H    0     0                    49886.000000 146137.581   193%     -  286s
     0     0 146137.581    0 13486 49886.0000 146137.581   193%     -  286s
H    0     0                    50137.000000 145387.188   190%     -  321s
H    0     0                    50183.000000 145387.188   190%     -  321s
     0     0 145387.188    0 13611 50183.0000 145387.188   190%     -  321s
     0     0 145159.102    0 13634 50183.0000 145159.102   189%     -  339s
     0     0 145100.323    0 13639 50183.0000 145100.323   189%     -  347s
     0     0 145070.851    0 13672 50183.0000 145070.851   189%     -  352s
H    0     0                    50215.000000 145070.851   189%     -  361s
H    0     0                    50226.000000 134453.630   168%     -  506s
     0     0 134453.630    0 14545 50226.0000 134453.630   168%     -  506s
     0     0 133884.082    0 14824 50226.0000 133884.082   167%     -  557s
     0     0 133749.516    0 14962 50226.0000 133749.516   166%     -  579s

Cutting planes:
  Gomory: 1
  Cover: 1
  Dual implied bound: 11
  MIR: 182
  Zero half: 307
  RLT: 8724
  BQP: 5810

Explored 1 nodes (457221 simplex iterations) in 599.57 seconds (853.82 work units)
Thread count was 6 (of 6 available processors)

Solution count 10: 50226 50215 50183 ... 48089

Solve interrupted
Best objective 5.022600000000e+04, best bound 1.337490000000e+05, gap 166.2943%
No solution

Interrupt request received

--- Execution timed out after 600 seconds ---
