Set parameter Username
Set parameter LicenseID to value 2696986
Academic license - for non-commercial use only - expires 2026-08-20
Set parameter TimeLimit to value 600
Gurobi Optimizer version 12.0.3 build v12.0.3rc0 (win64 - Windows 11.0 (26100.2))

CPU model: AMD Ryzen 5 5600G with Radeon Graphics, instruction set [SSE2|AVX|AVX2]
Thread count: 6 physical cores, 12 logical processors, using up to 12 threads

Non-default parameters:
TimeLimit  600

Optimize a model with 241000 rows, 80600 columns and 580765 nonzeros
Model fingerprint: 0x7eaef05b
Variable types: 0 continuous, 80600 integer (80600 binary)
Coefficient statistics:
  Matrix range     [1e+00, 2e+00]
  Objective range  [1e+00, 1e+02]
  Bounds range     [1e+00, 1e+00]
  RHS range        [1e+00, 1e+00]
Found heuristic solution: objective 17073.000000
Presolve removed 1200 rows and 400 columns (presolve time = 5s)...
Presolve removed 121457 rows and 798 columns
Presolve time: 6.66s
Presolved: 119543 rows, 79802 columns, 297712 nonzeros
Variable types: 0 continuous, 79802 integer (79802 binary)
Deterministic concurrent LP optimizer: primal and dual simplex
Showing primal log only...


Root simplex log...

Iteration    Objective       Primal Inf.    Dual Inf.      Time
       0   -2.0019210e+06   0.000000e+00   4.030861e+06      7s
Warning: Markowitz tolerance tightened to 0.5
  704153   -1.8863036e+05   0.000000e+00   5.510178e+06     10s
  705023   -1.8861450e+05   0.000000e+00   5.713751e+06     15s
  708073   -1.8825165e+05   0.000000e+00   5.531329e+06     20s
  710133   -1.8821207e+05   0.000000e+00   9.475267e+06     25s
  711693   -1.8818618e+05   0.000000e+00   1.056365e+07     30s
  713043   -1.8816052e+05   0.000000e+00   1.257663e+07     35s
  714443   -1.8813471e+05   0.000000e+00   1.440080e+07     40s
  715843   -1.8810946e+05   0.000000e+00   1.602652e+07     45s
  717243   -1.8808259e+05   0.000000e+00   1.599997e+07     50s
  718663   -1.8804873e+05   0.000000e+00   1.318707e+07     55s
Concurrent spin time: 0.00s

Solved with dual simplex

Root simplex log...

Iteration    Objective       Primal Inf.    Dual Inf.      Time
   70162    1.0094560e+06   0.000000e+00   0.000000e+00     56s

Root relaxation: objective 1.009456e+06, 70162 iterations, 48.79 seconds (33.12 work units)

    Nodes    |    Current Node    |     Objective Bounds      |     Work
 Expl Unexpl |  Obj  Depth IntInf | Incumbent    BestBd   Gap | It/Node Time

     0     0 1009456.00    0 40141 17073.0000 1009456.00  5813%     -   56s
H    0     0                    20869.000000 1009456.00  4737%     -   56s
H    0     0                    89824.000000 1009456.00  1024%     -   56s
H    0     0                    91398.000000 1004212.00   999%     -   77s
     0     0 1004207.00    0 40087 91398.0000 1004207.00   999%     -   81s
H    0     0                    92525.000000 1004207.00   985%     -   82s
     0     0 999389.500    0 40067 92525.0000 999389.500   980%     -   85s
     0     0 994524.500    0 40045 92525.0000 994524.500   975%     -   90s
     0     0 980815.031    0 40184 92525.0000 980815.031   960%     -  101s

--- Finished in 157.18 seconds ---
