Set parameter Username
Set parameter LicenseID to value 2696986
Academic license - for non-commercial use only - expires 2026-08-20
Set parameter TimeLimit to value 600
Gurobi Optimizer version 12.0.3 build v12.0.3rc0 (win64 - Windows 11.0 (26100.2))

CPU model: AMD Ryzen 5 5600G with Radeon Graphics, instruction set [SSE2|AVX|AVX2]
Thread count: 6 physical cores, 12 logical processors, using up to 12 threads

Non-default parameters:
TimeLimit  600

Optimize a model with 3875 rows, 1325 columns and 9510 nonzeros
Model fingerprint: 0x60c358f9
Variable types: 0 continuous, 1325 integer (1325 binary)
Coefficient statistics:
  Matrix range     [1e+00, 2e+00]
  Objective range  [1e+00, 1e+02]
  Bounds range     [1e+00, 1e+00]
  RHS range        [1e+00, 1e+00]
Found heuristic solution: objective -1776.000000
Found heuristic solution: objective -629.0000000
Presolve removed 2175 rows and 157 columns
Presolve time: 0.02s
Presolved: 1700 rows, 1168 columns, 4186 nonzeros
Variable types: 0 continuous, 1168 integer (1168 binary)

Root relaxation: objective 1.357950e+04, 810 iterations, 0.02 seconds (0.03 work units)

    Nodes    |    Current Node    |     Objective Bounds      |     Work
 Expl Unexpl |  Obj  Depth IntInf | Incumbent    BestBd   Gap | It/Node Time

     0     0 13579.5000    0  603 -629.00000 13579.5000  2259%     -    0s
H    0     0                    2021.0000000 13579.5000   572%     -    0s
H    0     0                    2649.0000000 13579.5000   413%     -    0s
H    0     0                    3116.0000000 13579.5000   336%     -    0s
H    0     0                    3494.0000000 13579.5000   289%     -    0s
H    0     0                    3499.0000000 13579.5000   288%     -    0s
     0     0 8254.50000    0  723 3499.00000 8254.50000   136%     -    0s
H    0     0                    3955.0000000 7742.67045  95.8%     -    0s
     0     0 7646.58333    0  745 3955.00000 7646.58333  93.3%     -    0s
H    0     0                    4057.0000000 7646.58333  88.5%     -    0s
     0     0 7592.13158    0  721 4057.00000 7592.13158  87.1%     -    0s
     0     0 7590.88000    0  715 4057.00000 7590.88000  87.1%     -    0s
     0     0 7589.98837    0  717 4057.00000 7589.98837  87.1%     -    0s
H    0     0                    4405.0000000 6134.82736  39.3%     -    1s
H    0     0                    4636.0000000 6134.82736  32.3%     -    1s
H    0     0                    5223.0000000 6134.82736  17.5%     -    1s
     0     0 6134.82736    0 1040 5223.00000 6134.82736  17.5%     -    1s
     0     0 5924.00977    0 1037 5223.00000 5924.00977  13.4%     -    1s
     0     0 5878.84450    0 1026 5223.00000 5878.84450  12.6%     -    2s
     0     0 5864.41171    0 1040 5223.00000 5864.41171  12.3%     -    2s
H    0     0                    5274.0000000 5857.26374  11.1%     -    2s
H    0     0                    5311.0000000 5857.26374  10.3%     -    2s
H    0     0                    5387.0000000 5857.26374  8.73%     -    2s
     0     0 5857.26374    0 1043 5387.00000 5857.26374  8.73%     -    2s
H    0     0                    5436.0000000 5596.34108  2.95%     -    3s
H    0     0                    5455.0000000 5596.34108  2.59%     -    3s
H    0     0                    5496.0000000 5596.34108  1.83%     -    3s
H    0     0                    5500.0000000 5596.34108  1.75%     -    3s
     0     0 5596.34108    0 1080 5500.00000 5596.34108  1.75%     -    3s
     0     0 5564.61659    0 1067 5500.00000 5564.61659  1.17%     -    3s
*    0     0               0    5557.0000000 5557.00000  0.00%     -    3s

Cutting planes:
  MIR: 1
  Zero half: 36
  RLT: 497
  BQP: 604

Explored 1 nodes (18230 simplex iterations) in 3.76 seconds (4.55 work units)
Thread count was 12 (of 12 available processors)

Solution count 10: 5557 5500 5496 ... 4636

Optimal solution found (tolerance 1.00e-04)
Best objective 5.557000000000e+03, best bound 5.557000000000e+03, gap 0.0000%

Result: 5557

X: [0.0, 1.0, 1.0, 1.0, 1.0, 1.0, 1.0, 1.0, 1.0, 0.0, 1.0, 1.0, 0.0, 0.0, 0.0, 1.0, 0.0, 1.0, 0.0, 0.0, 1.0, 1.0, 1.0, 1.0, 0.0, 1.0, 1.0, 1.0, 0.0, 0.0, 1.0, 1.0, 0.0, 1.0, 1.0, 1.0, 1.0, 1.0, 0.0, 0.0, 1.0, 0.0, 1.0, 1.0, 0.0, 0.0, 0.0, 0.0, 1.0, 0.0]

--- Finished in 3.89 seconds ---
